#
# There is insufficient memory for the Java Runtime Environment to continue.
# Native memory allocation (malloc) failed to allocate 32744 bytes. Error detail: ChunkPool::allocate
# Possible reasons:
#   The system is out of physical RAM or swap space
#   This process is running with CompressedOops enabled, and the Java Heap may be blocking the growth of the native heap
# Possible solutions:
#   Reduce memory load on the system
#   Increase physical memory or swap space
#   Check if swap backing store is full
#   Decrease Java heap size (-Xmx/-Xms)
#   Decrease number of Java threads
#   Decrease Java thread stack sizes (-Xss)
#   Set larger code cache with -XX:ReservedCodeCacheSize=
#   JVM is running with Unscaled Compressed Oops mode in which the Java heap is
#     placed in the first 4GB address space. The Java Heap base address is the
#     maximum limit for the native heap growth. Please use -XX:HeapBaseMinAddress
#     to set the Java Heap base and to place the Java Heap above 4GB virtual address.
# This output file may be truncated or incomplete.
#
#  Out of Memory Error (arena.cpp:79), pid=16152, tid=21496
#
# JRE version: OpenJDK Runtime Environment Microsoft-9388408 (17.0.11+9) (build 17.0.11+9-LTS)
# Java VM: OpenJDK 64-Bit Server VM Microsoft-9388408 (17.0.11+9-LTS, mixed mode, sharing, tiered, compressed oops, compressed class ptrs, g1 gc, windows-amd64)
# No core dump will be written. Minidumps are not enabled by default on client versions of Windows
#

---------------  S U M M A R Y ------------

Command Line: -Xmx64m -Xms64m -Dorg.gradle.appname=gradlew org.gradle.wrapper.GradleWrapperMain app:installDebug -PreactNativeDevServerPort=8081

Host: Intel(R) Core(TM) i5-6300U CPU @ 2.40GHz, 4 cores, 15G,  Windows 10 , 64 bit Build 19041 (10.0.19041.3570)
Time: Sun Apr 20 19:19:40 2025 Pakistan Standard Time elapsed time: 152.743747 seconds (0d 0h 2m 32s)

---------------  T H R E A D  ---------------

Current thread (0x000001f159b7eec0):  JavaThread "C1 CompilerThread0" daemon [_thread_in_native, id=21496, stack(0x000000aebe700000,0x000000aebe800000)]


Current CompileTask:
C1: 152743 1619   !   3       jdk.internal.reflect.UTF8::encode (191 bytes)

Stack: [0x000000aebe700000,0x000000aebe800000]
Native frames: (J=compiled Java code, j=interpreted, Vv=VM code, C=native code)
V  [jvm.dll+0x67f6d9]
V  [jvm.dll+0x83773a]
V  [jvm.dll+0x8391fe]
V  [jvm.dll+0x839863]
V  [jvm.dll+0x247fbf]
V  [jvm.dll+0xac741]
V  [jvm.dll+0xacb8c]
V  [jvm.dll+0x17736f]
V  [jvm.dll+0x1789b6]
V  [jvm.dll+0x17c0ef]
V  [jvm.dll+0x136673]
V  [jvm.dll+0x135f7f]
V  [jvm.dll+0x1361b6]
V  [jvm.dll+0x13564a]
V  [jvm.dll+0x137301]
V  [jvm.dll+0x2297cd]
V  [jvm.dll+0x22799c]
V  [jvm.dll+0x7ec8b7]
V  [jvm.dll+0x7e6cba]
V  [jvm.dll+0x67e5c5]
C  [ucrtbase.dll+0x21bb2]
C  [KERNEL32.DLL+0x17344]
C  [ntdll.dll+0x526b1]


---------------  P R O C E S S  ---------------

Threads class SMR info:
_java_thread_list=0x000001f178131c80, length=15, elements={
0x000001f159ad1a40, 0x000001f159b61680, 0x000001f159b62500, 0x000001f159b785e0,
0x000001f159b7b180, 0x000001f159b7ccb0, 0x000001f159b7d670, 0x000001f159b7e410,
0x000001f159b7eec0, 0x000001f172cc06a0, 0x000001f17704c070, 0x000001f17704d010,
0x000001f1773feac0, 0x000001f177c3ffd0, 0x000001f177c404b0
}

Java Threads: ( => current thread )
  0x000001f159ad1a40 JavaThread "main" [_thread_in_vm, id=12508, stack(0x000000aebd900000,0x000000aebda00000)]
  0x000001f159b61680 JavaThread "Reference Handler" daemon [_thread_blocked, id=15256, stack(0x000000aebe000000,0x000000aebe100000)]
  0x000001f159b62500 JavaThread "Finalizer" daemon [_thread_blocked, id=1652, stack(0x000000aebe100000,0x000000aebe200000)]
  0x000001f159b785e0 JavaThread "Signal Dispatcher" daemon [_thread_blocked, id=11440, stack(0x000000aebe200000,0x000000aebe300000)]
  0x000001f159b7b180 JavaThread "Attach Listener" daemon [_thread_blocked, id=21852, stack(0x000000aebe300000,0x000000aebe400000)]
  0x000001f159b7ccb0 JavaThread "Service Thread" daemon [_thread_blocked, id=20316, stack(0x000000aebe400000,0x000000aebe500000)]
  0x000001f159b7d670 JavaThread "Monitor Deflation Thread" daemon [_thread_blocked, id=7968, stack(0x000000aebe500000,0x000000aebe600000)]
  0x000001f159b7e410 JavaThread "C2 CompilerThread0" daemon [_thread_blocked, id=19264, stack(0x000000aebe600000,0x000000aebe700000)]
=>0x000001f159b7eec0 JavaThread "C1 CompilerThread0" daemon [_thread_in_native, id=21496, stack(0x000000aebe700000,0x000000aebe800000)]
  0x000001f172cc06a0 JavaThread "Sweeper thread" daemon [_thread_blocked, id=18136, stack(0x000000aebe800000,0x000000aebe900000)]
  0x000001f17704c070 JavaThread "Notification Thread" daemon [_thread_blocked, id=16672, stack(0x000000aebe900000,0x000000aebea00000)]
  0x000001f17704d010 JavaThread "Common-Cleaner" daemon [_thread_blocked, id=8748, stack(0x000000aebeb00000,0x000000aebec00000)]
  0x000001f1773feac0 JavaThread "pool-1-thread-1" [_thread_blocked, id=12180, stack(0x000000aebec00000,0x000000aebed00000)]
  0x000001f177c3ffd0 JavaThread "DisconnectableInputStream source reader" daemon [_thread_in_native, id=1160, stack(0x000000aebf100000,0x000000aebf200000)]
  0x000001f177c404b0 JavaThread "Forward input" [_thread_blocked, id=18552, stack(0x000000aebf200000,0x000000aebf300000)]

Other Threads:
  0x000001f159b5db10 VMThread "VM Thread" [stack: 0x000000aebdf00000,0x000000aebe000000] [id=21704]
  0x000001f17704c550 WatcherThread [stack: 0x000000aebea00000,0x000000aebeb00000] [id=9928]
  0x000001f159af1940 GCTaskThread "GC Thread#0" [stack: 0x000000aebda00000,0x000000aebdb00000] [id=12100]
  0x000001f1774320e0 GCTaskThread "GC Thread#1" [stack: 0x000000aebed00000,0x000000aebee00000] [id=18508]
  0x000001f17748af50 GCTaskThread "GC Thread#2" [stack: 0x000000aebee00000,0x000000aebef00000] [id=6724]
  0x000001f177218240 GCTaskThread "GC Thread#3" [stack: 0x000000aebef00000,0x000000aebf000000] [id=9880]
  0x000001f159af3090 ConcurrentGCThread "G1 Main Marker" [stack: 0x000000aebdb00000,0x000000aebdc00000] [id=19148]
  0x000001f159af3ab0 ConcurrentGCThread "G1 Conc#0" [stack: 0x000000aebdc00000,0x000000aebdd00000] [id=15344]
  0x000001f159b40270 ConcurrentGCThread "G1 Refine#0" [stack: 0x000000aebdd00000,0x000000aebde00000] [id=22360]
  0x000001f159b420b0 ConcurrentGCThread "G1 Service" [stack: 0x000000aebde00000,0x000000aebdf00000] [id=16900]

Threads with active compile tasks:
C1 CompilerThread0   152787 1619   !   3       jdk.internal.reflect.UTF8::encode (191 bytes)

VM state: not at safepoint (normal execution)

VM Mutex/Monitor currently owned by a thread: None

Heap address: 0x00000000fc000000, size: 64 MB, Compressed Oops mode: 32-bit

CDS archive(s) mapped at: [0x000001f100000000-0x000001f100bb0000-0x000001f100bb0000), size 12255232, SharedBaseAddress: 0x000001f100000000, ArchiveRelocationMode: 1.
Compressed class space mapped at: 0x000001f101000000-0x000001f141000000, reserved size: 1073741824
Narrow klass base: 0x000001f100000000, Narrow klass shift: 0, Narrow klass range: 0x100000000

GC Precious Log:
 CPUs: 4 total, 4 available
 Memory: 16275M
 Large Page Support: Disabled
 NUMA Support: Disabled
 Compressed Oops: Enabled (32-bit)
 Heap Region Size: 1M
 Heap Min Capacity: 64M
 Heap Initial Capacity: 64M
 Heap Max Capacity: 64M
 Pre-touch: Disabled
 Parallel Workers: 4
 Concurrent Workers: 1
 Concurrent Refinement Workers: 4
 Periodic GC: Disabled

Heap:
 garbage-first heap   total 65536K, used 23456K [0x00000000fc000000, 0x0000000100000000)
  region size 1024K, 16 young (16384K), 3 survivors (3072K)
 Metaspace       used 9316K, committed 9472K, reserved 1114112K
  class space    used 1221K, committed 1280K, reserved 1048576K

Heap Regions: E=young(eden), S=young(survivor), O=old, HS=humongous(starts), HC=humongous(continues), CS=collection set, F=free, OA=open archive, CA=closed archive, TAMS=top-at-mark-start (previous, next)
|   0|0x00000000fc000000, 0x00000000fc100000, 0x00000000fc100000|100%| O|  |TAMS 0x00000000fc000000, 0x00000000fc000000| Untracked 
|   1|0x00000000fc100000, 0x00000000fc200000, 0x00000000fc200000|100%|HS|  |TAMS 0x00000000fc100000, 0x00000000fc100000| Complete 
|   2|0x00000000fc200000, 0x00000000fc300000, 0x00000000fc300000|100%|HC|  |TAMS 0x00000000fc200000, 0x00000000fc200000| Complete 
|   3|0x00000000fc300000, 0x00000000fc400000, 0x00000000fc400000|100%|HC|  |TAMS 0x00000000fc300000, 0x00000000fc300000| Complete 
|   4|0x00000000fc400000, 0x00000000fc500000, 0x00000000fc500000|100%|HC|  |TAMS 0x00000000fc400000, 0x00000000fc400000| Complete 
|   5|0x00000000fc500000, 0x00000000fc600000, 0x00000000fc600000|100%| O|  |TAMS 0x00000000fc500000, 0x00000000fc500000| Untracked 
|   6|0x00000000fc600000, 0x00000000fc700000, 0x00000000fc700000|100%| O|  |TAMS 0x00000000fc600000, 0x00000000fc600000| Untracked 
|   7|0x00000000fc700000, 0x00000000fc7e8000, 0x00000000fc800000| 90%| O|  |TAMS 0x00000000fc700000, 0x00000000fc700000| Untracked 
|   8|0x00000000fc800000, 0x00000000fc800000, 0x00000000fc900000|  0%| F|  |TAMS 0x00000000fc800000, 0x00000000fc800000| Untracked 
|   9|0x00000000fc900000, 0x00000000fc900000, 0x00000000fca00000|  0%| F|  |TAMS 0x00000000fc900000, 0x00000000fc900000| Untracked 
|  10|0x00000000fca00000, 0x00000000fca00000, 0x00000000fcb00000|  0%| F|  |TAMS 0x00000000fca00000, 0x00000000fca00000| Untracked 
|  11|0x00000000fcb00000, 0x00000000fcb00000, 0x00000000fcc00000|  0%| F|  |TAMS 0x00000000fcb00000, 0x00000000fcb00000| Untracked 
|  12|0x00000000fcc00000, 0x00000000fcc00000, 0x00000000fcd00000|  0%| F|  |TAMS 0x00000000fcc00000, 0x00000000fcc00000| Untracked 
|  13|0x00000000fcd00000, 0x00000000fcd00000, 0x00000000fce00000|  0%| F|  |TAMS 0x00000000fcd00000, 0x00000000fcd00000| Untracked 
|  14|0x00000000fce00000, 0x00000000fce00000, 0x00000000fcf00000|  0%| F|  |TAMS 0x00000000fce00000, 0x00000000fce00000| Untracked 
|  15|0x00000000fcf00000, 0x00000000fcf00000, 0x00000000fd000000|  0%| F|  |TAMS 0x00000000fcf00000, 0x00000000fcf00000| Untracked 
|  16|0x00000000fd000000, 0x00000000fd000000, 0x00000000fd100000|  0%| F|  |TAMS 0x00000000fd000000, 0x00000000fd000000| Untracked 
|  17|0x00000000fd100000, 0x00000000fd100000, 0x00000000fd200000|  0%| F|  |TAMS 0x00000000fd100000, 0x00000000fd100000| Untracked 
|  18|0x00000000fd200000, 0x00000000fd200000, 0x00000000fd300000|  0%| F|  |TAMS 0x00000000fd200000, 0x00000000fd200000| Untracked 
|  19|0x00000000fd300000, 0x00000000fd300000, 0x00000000fd400000|  0%| F|  |TAMS 0x00000000fd300000, 0x00000000fd300000| Untracked 
|  20|0x00000000fd400000, 0x00000000fd400000, 0x00000000fd500000|  0%| F|  |TAMS 0x00000000fd400000, 0x00000000fd400000| Untracked 
|  21|0x00000000fd500000, 0x00000000fd500000, 0x00000000fd600000|  0%| F|  |TAMS 0x00000000fd500000, 0x00000000fd500000| Untracked 
|  22|0x00000000fd600000, 0x00000000fd600000, 0x00000000fd700000|  0%| F|  |TAMS 0x00000000fd600000, 0x00000000fd600000| Untracked 
|  23|0x00000000fd700000, 0x00000000fd700000, 0x00000000fd800000|  0%| F|  |TAMS 0x00000000fd700000, 0x00000000fd700000| Untracked 
|  24|0x00000000fd800000, 0x00000000fd800000, 0x00000000fd900000|  0%| F|  |TAMS 0x00000000fd800000, 0x00000000fd800000| Untracked 
|  25|0x00000000fd900000, 0x00000000fd900000, 0x00000000fda00000|  0%| F|  |TAMS 0x00000000fd900000, 0x00000000fd900000| Untracked 
|  26|0x00000000fda00000, 0x00000000fda00000, 0x00000000fdb00000|  0%| F|  |TAMS 0x00000000fda00000, 0x00000000fda00000| Untracked 
|  27|0x00000000fdb00000, 0x00000000fdb00000, 0x00000000fdc00000|  0%| F|  |TAMS 0x00000000fdb00000, 0x00000000fdb00000| Untracked 
|  28|0x00000000fdc00000, 0x00000000fdc00000, 0x00000000fdd00000|  0%| F|  |TAMS 0x00000000fdc00000, 0x00000000fdc00000| Untracked 
|  29|0x00000000fdd00000, 0x00000000fdd00000, 0x00000000fde00000|  0%| F|  |TAMS 0x00000000fdd00000, 0x00000000fdd00000| Untracked 
|  30|0x00000000fde00000, 0x00000000fde00000, 0x00000000fdf00000|  0%| F|  |TAMS 0x00000000fde00000, 0x00000000fde00000| Untracked 
|  31|0x00000000fdf00000, 0x00000000fdf00000, 0x00000000fe000000|  0%| F|  |TAMS 0x00000000fdf00000, 0x00000000fdf00000| Untracked 
|  32|0x00000000fe000000, 0x00000000fe000000, 0x00000000fe100000|  0%| F|  |TAMS 0x00000000fe000000, 0x00000000fe000000| Untracked 
|  33|0x00000000fe100000, 0x00000000fe100000, 0x00000000fe200000|  0%| F|  |TAMS 0x00000000fe100000, 0x00000000fe100000| Untracked 
|  34|0x00000000fe200000, 0x00000000fe200000, 0x00000000fe300000|  0%| F|  |TAMS 0x00000000fe200000, 0x00000000fe200000| Untracked 
|  35|0x00000000fe300000, 0x00000000fe300000, 0x00000000fe400000|  0%| F|  |TAMS 0x00000000fe300000, 0x00000000fe300000| Untracked 
|  36|0x00000000fe400000, 0x00000000fe400000, 0x00000000fe500000|  0%| F|  |TAMS 0x00000000fe400000, 0x00000000fe400000| Untracked 
|  37|0x00000000fe500000, 0x00000000fe500000, 0x00000000fe600000|  0%| F|  |TAMS 0x00000000fe500000, 0x00000000fe500000| Untracked 
|  38|0x00000000fe600000, 0x00000000fe600000, 0x00000000fe700000|  0%| F|  |TAMS 0x00000000fe600000, 0x00000000fe600000| Untracked 
|  39|0x00000000fe700000, 0x00000000fe700000, 0x00000000fe800000|  0%| F|  |TAMS 0x00000000fe700000, 0x00000000fe700000| Untracked 
|  40|0x00000000fe800000, 0x00000000fe800000, 0x00000000fe900000|  0%| F|  |TAMS 0x00000000fe800000, 0x00000000fe800000| Untracked 
|  41|0x00000000fe900000, 0x00000000fe900000, 0x00000000fea00000|  0%| F|  |TAMS 0x00000000fe900000, 0x00000000fe900000| Untracked 
|  42|0x00000000fea00000, 0x00000000fea00000, 0x00000000feb00000|  0%| F|  |TAMS 0x00000000fea00000, 0x00000000fea00000| Untracked 
|  43|0x00000000feb00000, 0x00000000fec00000, 0x00000000fec00000|100%| S|CS|TAMS 0x00000000feb00000, 0x00000000feb00000| Complete 
|  44|0x00000000fec00000, 0x00000000fed00000, 0x00000000fed00000|100%| S|CS|TAMS 0x00000000fec00000, 0x00000000fec00000| Complete 
|  45|0x00000000fed00000, 0x00000000fee00000, 0x00000000fee00000|100%| S|CS|TAMS 0x00000000fed00000, 0x00000000fed00000| Complete 
|  46|0x00000000fee00000, 0x00000000fee00000, 0x00000000fef00000|  0%| F|  |TAMS 0x00000000fee00000, 0x00000000fee00000| Untracked 
|  47|0x00000000fef00000, 0x00000000fef00000, 0x00000000ff000000|  0%| F|  |TAMS 0x00000000fef00000, 0x00000000fef00000| Untracked 
|  48|0x00000000ff000000, 0x00000000ff000000, 0x00000000ff100000|  0%| F|  |TAMS 0x00000000ff000000, 0x00000000ff000000| Untracked 
|  49|0x00000000ff100000, 0x00000000ff100000, 0x00000000ff200000|  0%| F|  |TAMS 0x00000000ff100000, 0x00000000ff100000| Untracked 
|  50|0x00000000ff200000, 0x00000000ff200000, 0x00000000ff300000|  0%| F|  |TAMS 0x00000000ff200000, 0x00000000ff200000| Untracked 
|  51|0x00000000ff300000, 0x00000000ff365998, 0x00000000ff400000| 39%| E|  |TAMS 0x00000000ff300000, 0x00000000ff300000| Complete 
|  52|0x00000000ff400000, 0x00000000ff500000, 0x00000000ff500000|100%| E|CS|TAMS 0x00000000ff400000, 0x00000000ff400000| Complete 
|  53|0x00000000ff500000, 0x00000000ff600000, 0x00000000ff600000|100%| E|CS|TAMS 0x00000000ff500000, 0x00000000ff500000| Complete 
|  54|0x00000000ff600000, 0x00000000ff700000, 0x00000000ff700000|100%| E|CS|TAMS 0x00000000ff600000, 0x00000000ff600000| Complete 
|  55|0x00000000ff700000, 0x00000000ff800000, 0x00000000ff800000|100%| E|CS|TAMS 0x00000000ff700000, 0x00000000ff700000| Complete 
|  56|0x00000000ff800000, 0x00000000ff900000, 0x00000000ff900000|100%| E|CS|TAMS 0x00000000ff800000, 0x00000000ff800000| Complete 
|  57|0x00000000ff900000, 0x00000000ffa00000, 0x00000000ffa00000|100%| E|CS|TAMS 0x00000000ff900000, 0x00000000ff900000| Complete 
|  58|0x00000000ffa00000, 0x00000000ffb00000, 0x00000000ffb00000|100%| E|CS|TAMS 0x00000000ffa00000, 0x00000000ffa00000| Complete 
|  59|0x00000000ffb00000, 0x00000000ffc00000, 0x00000000ffc00000|100%| E|CS|TAMS 0x00000000ffb00000, 0x00000000ffb00000| Complete 
|  60|0x00000000ffc00000, 0x00000000ffd00000, 0x00000000ffd00000|100%| E|CS|TAMS 0x00000000ffc00000, 0x00000000ffc00000| Complete 
|  61|0x00000000ffd00000, 0x00000000ffe00000, 0x00000000ffe00000|100%| E|CS|TAMS 0x00000000ffd00000, 0x00000000ffd00000| Complete 
|  62|0x00000000ffe00000, 0x00000000fff00000, 0x00000000fff00000|100%| E|CS|TAMS 0x00000000ffe00000, 0x00000000ffe00000| Complete 
|  63|0x00000000fff00000, 0x0000000100000000, 0x0000000100000000|100%| E|CS|TAMS 0x00000000fff00000, 0x00000000fff00000| Complete 

Card table byte_map: [0x000001f159900000,0x000001f159920000] _byte_map_base: 0x000001f159120000

Marking Bits (Prev, Next): (CMBitMap*) 0x000001f159af1f60, (CMBitMap*) 0x000001f159af1fa0
 Prev Bits: [0x000001f159940000, 0x000001f159a40000)
 Next Bits: [0x000001f170600000, 0x000001f170700000)

Polling page: 0x000001f157ac0000

Metaspace:

Usage:
  Non-class:      7.91 MB used.
      Class:      1.19 MB used.
       Both:      9.10 MB used.

Virtual space:
  Non-class space:       64.00 MB reserved,       8.00 MB ( 12%) committed,  1 nodes.
      Class space:        1.00 GB reserved,       1.25 MB ( <1%) committed,  1 nodes.
             Both:        1.06 GB reserved,       9.25 MB ( <1%) committed. 

Chunk freelists:
   Non-Class:  7.88 MB
       Class:  14.63 MB
        Both:  22.51 MB

MaxMetaspaceSize: unlimited
CompressedClassSpaceSize: 1.00 GB
Initial GC threshold: 21.00 MB
Current GC threshold: 21.00 MB
CDS: on
MetaspaceReclaimPolicy: balanced
 - commit_granule_bytes: 65536.
 - commit_granule_words: 8192.
 - virtual_space_node_default_size: 8388608.
 - enlarge_chunks_in_place: 1.
 - new_chunks_are_fully_committed: 0.
 - uncommit_free_chunks: 1.
 - use_allocation_guard: 0.
 - handle_deallocations: 1.


Internal statistics:

num_allocs_failed_limit: 0.
num_arena_births: 86.
num_arena_deaths: 0.
num_vsnodes_births: 2.
num_vsnodes_deaths: 0.
num_space_committed: 148.
num_space_uncommitted: 0.
num_chunks_returned_to_freelist: 0.
num_chunks_taken_from_freelist: 336.
num_chunk_merges: 0.
num_chunk_splits: 226.
num_chunks_enlarged: 182.
num_inconsistent_stats: 0.

CodeHeap 'non-profiled nmethods': size=120000Kb used=681Kb max_used=681Kb free=119318Kb
 bounds [0x000001f1690d0000, 0x000001f169340000, 0x000001f170600000]
CodeHeap 'profiled nmethods': size=120000Kb used=3071Kb max_used=3071Kb free=116928Kb
 bounds [0x000001f161600000, 0x000001f161900000, 0x000001f168b30000]
CodeHeap 'non-nmethods': size=5760Kb used=1165Kb max_used=1219Kb free=4594Kb
 bounds [0x000001f168b30000, 0x000001f168da0000, 0x000001f1690d0000]
 total_blobs=2082 nmethods=1619 adapters=376
 compilation: enabled
              stopped_count=0, restarted_count=0
 full_count=0

Compilation events (20 events):
Event: 143.024 Thread 0x000001f159b7e410 1610       4       java.util.concurrent.ThreadPoolExecutor::afterExecute (1 bytes)
Event: 143.024 Thread 0x000001f159b7e410 nmethod 1610 0x000001f169179c10 code [0x000001f169179d80, 0x000001f169179df8]
Event: 152.732 Thread 0x000001f159b7eec0 1611       3       jdk.internal.reflect.ClassFileAssembler::emitShort (24 bytes)
Event: 152.732 Thread 0x000001f159b7eec0 nmethod 1611 0x000001f1618fbb10 code [0x000001f1618fbce0, 0x000001f1618fbff8]
Event: 152.732 Thread 0x000001f159b7eec0 1612       3       jdk.internal.reflect.ClassFileAssembler::cpi (22 bytes)
Event: 152.733 Thread 0x000001f159b7eec0 nmethod 1612 0x000001f1618fc190 code [0x000001f1618fc340, 0x000001f1618fc568]
Event: 152.735 Thread 0x000001f159b7eec0 1613       3       java.lang.invoke.MethodType$ConcurrentWeakInternSet::add (66 bytes)
Event: 152.736 Thread 0x000001f159b7eec0 nmethod 1613 0x000001f1618fc610 code [0x000001f1618fc880, 0x000001f1618fd668]
Event: 152.737 Thread 0x000001f159b7eec0 1614       3       java.lang.invoke.MethodTypeForm::cachedLambdaForm (23 bytes)
Event: 152.738 Thread 0x000001f159b7eec0 nmethod 1614 0x000001f1618fdb10 code [0x000001f1618fdcc0, 0x000001f1618fe028]
Event: 152.738 Thread 0x000001f159b7eec0 1615       3       java.lang.invoke.MethodHandleNatives::refKindIsMethod (19 bytes)
Event: 152.738 Thread 0x000001f159b7eec0 nmethod 1615 0x000001f1618fe190 code [0x000001f1618fe340, 0x000001f1618fe598]
Event: 152.739 Thread 0x000001f159b7eec0 1616       1       java.io.ObjectStreamField::getName (5 bytes)
Event: 152.740 Thread 0x000001f159b7eec0 nmethod 1616 0x000001f169179f10 code [0x000001f16917a0a0, 0x000001f16917a178]
Event: 152.740 Thread 0x000001f159b7eec0 1617       3       java.util.WeakHashMap::matchesKey (33 bytes)
Event: 152.740 Thread 0x000001f159b7eec0 nmethod 1617 0x000001f1618fe690 code [0x000001f1618fe860, 0x000001f1618fed98]
Event: 152.740 Thread 0x000001f159b7eec0 1618       3       jdk.internal.reflect.UTF8::utf8Length (81 bytes)
Event: 152.741 Thread 0x000001f159b7eec0 nmethod 1618 0x000001f1618fef10 code [0x000001f1618ff140, 0x000001f1618ff9f8]
Event: 152.741 Thread 0x000001f159b7eec0 1619   !   3       jdk.internal.reflect.UTF8::encode (191 bytes)
Event: 152.742 Thread 0x000001f159b7e410 1622       4       java.util.WeakHashMap::indexFor (6 bytes)

GC Heap History (4 events):
Event: 1.083 GC heap before
{Heap before GC invocations=0 (full 0):
 garbage-first heap   total 65536K, used 13312K [0x00000000fc000000, 0x0000000100000000)
  region size 1024K, 13 young (13312K), 0 survivors (0K)
 Metaspace       used 1842K, committed 1984K, reserved 1114112K
  class space    used 166K, committed 192K, reserved 1048576K
}
Event: 1.099 GC heap after
{Heap after GC invocations=1 (full 0):
 garbage-first heap   total 65536K, used 2920K [0x00000000fc000000, 0x0000000100000000)
  region size 1024K, 2 young (2048K), 2 survivors (2048K)
 Metaspace       used 1842K, committed 1984K, reserved 1114112K
  class space    used 166K, committed 192K, reserved 1048576K
}
Event: 2.368 GC heap before
{Heap before GC invocations=1 (full 0):
 garbage-first heap   total 65536K, used 22376K [0x00000000fc000000, 0x0000000100000000)
  region size 1024K, 18 young (18432K), 2 survivors (2048K)
 Metaspace       used 5298K, committed 5440K, reserved 1114112K
  class space    used 702K, committed 768K, reserved 1048576K
}
Event: 2.373 GC heap after
{Heap after GC invocations=2 (full 0):
 garbage-first heap   total 65536K, used 11168K [0x00000000fc000000, 0x0000000100000000)
  region size 1024K, 3 young (3072K), 3 survivors (3072K)
 Metaspace       used 5298K, committed 5440K, reserved 1114112K
  class space    used 702K, committed 768K, reserved 1048576K
}

Dll operation events (12 events):
Event: 0.056 Loaded shared library C:\Program Files\Microsoft\jdk-17.0.11.9-hotspot\bin\java.dll
Event: 0.119 Loaded shared library C:\Program Files\Microsoft\jdk-17.0.11.9-hotspot\bin\jsvml.dll
Event: 0.252 Loaded shared library C:\Program Files\Microsoft\jdk-17.0.11.9-hotspot\bin\net.dll
Event: 0.254 Loaded shared library C:\Program Files\Microsoft\jdk-17.0.11.9-hotspot\bin\nio.dll
Event: 0.261 Loaded shared library C:\Program Files\Microsoft\jdk-17.0.11.9-hotspot\bin\zip.dll
Event: 0.986 Loaded shared library C:\Program Files\Microsoft\jdk-17.0.11.9-hotspot\bin\jimage.dll
Event: 1.218 Loaded shared library C:\Program Files\Microsoft\jdk-17.0.11.9-hotspot\bin\verify.dll
Event: 2.082 Loaded shared library C:\Users\kk\.gradle\native\c067742578af261105cb4f569cf0c3c89f3d7b1fecec35dd04571415982c5e48\windows-amd64\native-platform.dll
Event: 2.456 Loaded shared library C:\Program Files\Microsoft\jdk-17.0.11.9-hotspot\bin\management.dll
Event: 2.463 Loaded shared library C:\Program Files\Microsoft\jdk-17.0.11.9-hotspot\bin\management_ext.dll
Event: 3.780 Loaded shared library C:\Program Files\Microsoft\jdk-17.0.11.9-hotspot\bin\extnet.dll
Event: 3.878 Loaded shared library C:\Program Files\Microsoft\jdk-17.0.11.9-hotspot\bin\sunmscapi.dll

Deoptimization events (20 events):
Event: 2.886 Thread 0x000001f159ad1a40 Uncommon trap: trap_request=0xffffff45 fr.pc=0x000001f16912e4cc relative=0x0000000000001c8c
Event: 2.886 Thread 0x000001f159ad1a40 Uncommon trap: reason=unstable_if action=reinterpret pc=0x000001f16912e4cc method=java.io.WinNTFileSystem.normalize(Ljava/lang/String;)Ljava/lang/String; @ 128 c2
Event: 2.886 Thread 0x000001f159ad1a40 DEOPT PACKING pc=0x000001f16912e4cc sp=0x000000aebd9fb490
Event: 2.886 Thread 0x000001f159ad1a40 DEOPT UNPACKING pc=0x000001f168b869a3 sp=0x000000aebd9fb478 mode 2
Event: 3.832 Thread 0x000001f159ad1a40 Uncommon trap: trap_request=0xffffff45 fr.pc=0x000001f1691078a4 relative=0x0000000000000664
Event: 3.832 Thread 0x000001f159ad1a40 Uncommon trap: reason=unstable_if action=reinterpret pc=0x000001f1691078a4 method=java.lang.AbstractStringBuilder.append(Ljava/lang/String;)Ljava/lang/AbstractStringBuilder; @ 1 c2
Event: 3.832 Thread 0x000001f159ad1a40 DEOPT PACKING pc=0x000001f1691078a4 sp=0x000000aebd9fc220
Event: 3.832 Thread 0x000001f159ad1a40 DEOPT UNPACKING pc=0x000001f168b869a3 sp=0x000000aebd9fc1a0 mode 2
Event: 3.832 Thread 0x000001f159ad1a40 Uncommon trap: trap_request=0xffffff45 fr.pc=0x000001f1691118a4 relative=0x0000000000000664
Event: 3.832 Thread 0x000001f159ad1a40 Uncommon trap: reason=unstable_if action=reinterpret pc=0x000001f1691118a4 method=java.lang.AbstractStringBuilder.append(Ljava/lang/String;)Ljava/lang/AbstractStringBuilder; @ 1 c2
Event: 3.832 Thread 0x000001f159ad1a40 DEOPT PACKING pc=0x000001f1691118a4 sp=0x000000aebd9fc1c0
Event: 3.832 Thread 0x000001f159ad1a40 DEOPT UNPACKING pc=0x000001f168b869a3 sp=0x000000aebd9fc1a8 mode 2
Event: 4.007 Thread 0x000001f159ad1a40 Uncommon trap: trap_request=0xffffff45 fr.pc=0x000001f169129990 relative=0x0000000000000430
Event: 4.007 Thread 0x000001f159ad1a40 Uncommon trap: reason=unstable_if action=reinterpret pc=0x000001f169129990 method=java.util.regex.Matcher.match(II)Z @ 76 c2
Event: 4.007 Thread 0x000001f159ad1a40 DEOPT PACKING pc=0x000001f169129990 sp=0x000000aebd9fb490
Event: 4.007 Thread 0x000001f159ad1a40 DEOPT UNPACKING pc=0x000001f168b869a3 sp=0x000000aebd9fb448 mode 2
Event: 100.016 Thread 0x000001f1773feac0 Uncommon trap: trap_request=0xffffff45 fr.pc=0x000001f169178388 relative=0x0000000000000088
Event: 100.016 Thread 0x000001f1773feac0 Uncommon trap: reason=unstable_if action=reinterpret pc=0x000001f169178388 method=org.gradle.internal.operations.OperationIdentifier.equals(Ljava/lang/Object;)Z @ 38 c2
Event: 100.016 Thread 0x000001f1773feac0 DEOPT PACKING pc=0x000001f169178388 sp=0x000000aebecfee80
Event: 100.016 Thread 0x000001f1773feac0 DEOPT UNPACKING pc=0x000001f168b869a3 sp=0x000000aebecfee08 mode 2

Classes unloaded (0 events):
No events

Classes redefined (0 events):
No events

Internal exceptions (20 events):
Event: 0.512 Thread 0x000001f159ad1a40 Exception <a 'java/lang/NoSuchMethodError'{0x00000000ffc676e8}: 'int java.lang.invoke.DirectMethodHandle$Holder.invokeStaticInit(java.lang.Object, java.lang.Object)'> (0x00000000ffc676e8) 
thrown [s\src\hotspot\share\interpreter\linkResolver.cpp, line 759]
Event: 1.917 Thread 0x000001f159ad1a40 Exception <a 'java/lang/NoSuchMethodError'{0x00000000ff67a150}: 'void java.lang.invoke.DirectMethodHandle$Holder.invokeStatic(java.lang.Object, java.lang.Object)'> (0x00000000ff67a150) 
thrown [s\src\hotspot\share\interpreter\linkResolver.cpp, line 759]
Event: 1.965 Thread 0x000001f159ad1a40 Exception <a 'java/lang/NoClassDefFoundError'{0x00000000ff6fe238}: org/slf4j/impl/StaticMarkerBinder> (0x00000000ff6fe238) 
thrown [s\src\hotspot\share\classfile\systemDictionary.cpp, line 245]
Event: 2.024 Thread 0x000001f159ad1a40 Exception <a 'java/lang/NoSuchMethodError'{0x00000000ff59f150}: 'java.lang.Object java.lang.invoke.DirectMethodHandle$Holder.invokeVirtual(java.lang.Object, java.lang.Object, java.lang.Object, java.lang.Object, java.lang.Object, java.lang.Object, java.lang.Object)'> (0x00000000ff59f150) 
thrown [s\src\hotspot\share\interpreter\linkResolver.cpp, line 759]
Event: 2.030 Thread 0x000001f159ad1a40 Exception <a 'java/lang/NoSuchMethodError'{0x00000000ff5b0910}: 'java.lang.Object java.lang.invoke.Invokers$Holder.invoker(java.lang.Object, java.lang.Object, java.lang.Object)'> (0x00000000ff5b0910) 
thrown [s\src\hotspot\share\interpreter\linkResolver.cpp, line 759]
Event: 2.032 Thread 0x000001f159ad1a40 Exception <a 'java/lang/NoSuchMethodError'{0x00000000ff5b99e0}: 'java.lang.Object java.lang.invoke.DirectMethodHandle$Holder.invokeStatic(java.lang.Object, java.lang.Object, int)'> (0x00000000ff5b99e0) 
thrown [s\src\hotspot\share\interpreter\linkResolver.cpp, line 759]
Event: 2.035 Thread 0x000001f159ad1a40 Exception <a 'java/lang/NoSuchMethodError'{0x00000000ff5c56d0}: 'void java.lang.invoke.DelegatingMethodHandle$Holder.delegate(java.lang.Object, java.lang.Object, int, java.lang.Object)'> (0x00000000ff5c56d0) 
thrown [s\src\hotspot\share\interpreter\linkResolver.cpp, line 759]
Event: 2.036 Thread 0x000001f159ad1a40 Exception <a 'java/lang/NoSuchMethodError'{0x00000000ff5c9818}: 'int java.lang.invoke.DirectMethodHandle$Holder.invokeSpecial(java.lang.Object, java.lang.Object, java.lang.Object)'> (0x00000000ff5c9818) 
thrown [s\src\hotspot\share\interpreter\linkResolver.cpp, line 759]
Event: 2.041 Thread 0x000001f159ad1a40 Exception <a 'java/lang/NoSuchMethodError'{0x00000000ff5dc960}: 'java.lang.Object java.lang.invoke.Invokers$Holder.invokeExact_MT(java.lang.Object, java.lang.Object, java.lang.Object, java.lang.Object)'> (0x00000000ff5dc960) 
thrown [s\src\hotspot\share\interpreter\linkResolver.cpp, line 759]
Event: 2.385 Thread 0x000001f159ad1a40 Exception <a 'java/lang/NoSuchMethodError'{0x00000000fff2e738}: 'void java.lang.invoke.DirectMethodHandle$Holder.invokeSpecial(java.lang.Object, java.lang.Object, java.lang.Object)'> (0x00000000fff2e738) 
thrown [s\src\hotspot\share\interpreter\linkResolver.cpp, line 759]
Event: 2.405 Thread 0x000001f159ad1a40 Implicit null exception at 0x000001f16913020f to 0x000001f169130784
Event: 2.405 Thread 0x000001f159ad1a40 Implicit null exception at 0x000001f169112d8f to 0x000001f16911330c
Event: 2.453 Thread 0x000001f159ad1a40 Exception <a 'java/lang/NoSuchMethodError'{0x00000000ffe8b098}: 'java.lang.Object java.lang.invoke.DirectMethodHandle$Holder.invokeStaticInit(java.lang.Object)'> (0x00000000ffe8b098) 
thrown [s\src\hotspot\share\interpreter\linkResolver.cpp, line 759]
Event: 2.515 Thread 0x000001f159ad1a40 Exception <a 'java/lang/NoSuchMethodError'{0x00000000ffd3fa00}: 'int java.lang.invoke.DirectMethodHandle$Holder.invokeVirtual(java.lang.Object, java.lang.Object, java.lang.Object)'> (0x00000000ffd3fa00) 
thrown [s\src\hotspot\share\interpreter\linkResolver.cpp, line 759]
Event: 2.527 Thread 0x000001f159ad1a40 Exception <a 'java/lang/NoSuchMethodError'{0x00000000ffda41f8}: 'java.lang.Object java.lang.invoke.DirectMethodHandle$Holder.invokeVirtual(java.lang.Object, java.lang.Object, java.lang.Object)'> (0x00000000ffda41f8) 
thrown [s\src\hotspot\share\interpreter\linkResolver.cpp, line 759]
Event: 2.688 Thread 0x000001f159ad1a40 Exception <a 'java/lang/NoSuchMethodError'{0x00000000ff91be08}: 'java.lang.Object java.lang.invoke.DirectMethodHandle$Holder.invokeStaticInit(java.lang.Object, int, int, int, int)'> (0x00000000ff91be08) 
thrown [s\src\hotspot\share\interpreter\linkResolver.cpp, line 759]
Event: 2.903 Thread 0x000001f159ad1a40 Exception <a 'java/lang/NoSuchMethodError'{0x00000000ff955248}: 'java.lang.Object java.lang.invoke.DirectMethodHandle$Holder.invokeStaticInit(java.lang.Object, java.lang.Object, int, int, int, int)'> (0x00000000ff955248) 
thrown [s\src\hotspot\share\interpreter\linkResolver.cpp, line 759]
Event: 3.785 Thread 0x000001f159ad1a40 Exception <a 'java/lang/NoSuchMethodError'{0x00000000ff984c48}: 'void java.lang.invoke.DirectMethodHandle$Holder.invokeStatic(java.lang.Object, java.lang.Object, java.lang.Object)'> (0x00000000ff984c48) 
thrown [s\src\hotspot\share\interpreter\linkResolver.cpp, line 759]
Event: 3.832 Thread 0x000001f159ad1a40 Implicit null exception at 0x000001f169107272 to 0x000001f16910788c
Event: 3.832 Thread 0x000001f159ad1a40 Implicit null exception at 0x000001f169111272 to 0x000001f16911188c

VM Operations (20 events):
Event: 69.439 Executing VM operation: Cleanup
Event: 69.439 Executing VM operation: Cleanup done
Event: 72.473 Executing VM operation: Cleanup
Event: 72.473 Executing VM operation: Cleanup done
Event: 77.517 Executing VM operation: Cleanup
Event: 77.517 Executing VM operation: Cleanup done
Event: 79.529 Executing VM operation: Cleanup
Event: 79.529 Executing VM operation: Cleanup done
Event: 92.668 Executing VM operation: Cleanup
Event: 92.668 Executing VM operation: Cleanup done
Event: 105.779 Executing VM operation: Cleanup
Event: 105.779 Executing VM operation: Cleanup done
Event: 106.796 Executing VM operation: Cleanup
Event: 106.796 Executing VM operation: Cleanup done
Event: 120.553 Executing VM operation: HandshakeAllThreads
Event: 120.553 Executing VM operation: HandshakeAllThreads done
Event: 125.591 Executing VM operation: Cleanup
Event: 125.605 Executing VM operation: Cleanup done
Event: 131.646 Executing VM operation: Cleanup
Event: 131.646 Executing VM operation: Cleanup done

Events (20 events):
Event: 152.727 loading class java/io/ObjectStreamClass$2 done
Event: 152.729 loading class jdk/internal/reflect/UnsafeFieldAccessorFactory
Event: 152.729 loading class jdk/internal/reflect/UnsafeFieldAccessorFactory done
Event: 152.730 loading class jdk/internal/reflect/UnsafeQualifiedStaticLongFieldAccessorImpl
Event: 152.730 loading class jdk/internal/reflect/UnsafeQualifiedStaticFieldAccessorImpl
Event: 152.730 loading class jdk/internal/reflect/UnsafeQualifiedStaticFieldAccessorImpl done
Event: 152.731 loading class jdk/internal/reflect/UnsafeQualifiedStaticLongFieldAccessorImpl done
Event: 152.731 loading class java/util/ComparableTimSort
Event: 152.731 loading class java/util/ComparableTimSort done
Event: 152.733 loading class jdk/internal/reflect/SerializationConstructorAccessorImpl
Event: 152.733 loading class jdk/internal/reflect/SerializationConstructorAccessorImpl done
Event: 152.733 loading class jdk/internal/reflect/BootstrapConstructorAccessorImpl
Event: 152.733 loading class jdk/internal/reflect/BootstrapConstructorAccessorImpl done
Event: 152.738 loading class java/io/ClassCache$CacheRef
Event: 152.738 loading class java/io/ClassCache$CacheRef done
Event: 152.738 loading class java/io/ObjectStreamClass$FieldReflectorKey
Event: 152.739 loading class java/io/ObjectStreamClass$FieldReflectorKey done
Event: 152.739 loading class java/io/ObjectStreamClass$FieldReflector
Event: 152.739 loading class java/io/ObjectStreamClass$FieldReflector done
Event: 152.742 loading class java/io/ObjectStreamClass$ClassDataSlot


Dynamic libraries:
0x00007ff6593d0000 - 0x00007ff6593de000 	C:\Program Files\Microsoft\jdk-17.0.11.9-hotspot\bin\java.exe
0x00007ff99cb90000 - 0x00007ff99cd87000 	C:\Windows\SYSTEM32\ntdll.dll
0x00007ff99b010000 - 0x00007ff99b0cd000 	C:\Windows\System32\KERNEL32.DLL
0x00007ff99a2c0000 - 0x00007ff99a5b6000 	C:\Windows\System32\KERNELBASE.dll
0x00007ff99aaf0000 - 0x00007ff99abf0000 	C:\Windows\System32\ucrtbase.dll
0x00007ff965680000 - 0x00007ff965697000 	C:\Program Files\Microsoft\jdk-17.0.11.9-hotspot\bin\jli.dll
0x00007ff99ac70000 - 0x00007ff99ae0e000 	C:\Windows\System32\USER32.dll
0x00007ff99a700000 - 0x00007ff99a722000 	C:\Windows\System32\win32u.dll
0x00007ff99af40000 - 0x00007ff99af6c000 	C:\Windows\System32\GDI32.dll
0x00007ff99a730000 - 0x00007ff99a84a000 	C:\Windows\System32\gdi32full.dll
0x00007ff99a660000 - 0x00007ff99a6fd000 	C:\Windows\System32\msvcp_win.dll
0x00007ff98df50000 - 0x00007ff98df6b000 	C:\Program Files\Microsoft\jdk-17.0.11.9-hotspot\bin\VCRUNTIME140.dll
0x00007ff9807e0000 - 0x00007ff980a7a000 	C:\Windows\WinSxS\amd64_microsoft.windows.common-controls_6595b64144ccf1df_6.0.19041.3570_none_60bb2a3971f3e41a\COMCTL32.dll
0x00007ff99c590000 - 0x00007ff99c62e000 	C:\Windows\System32\msvcrt.dll
0x00007ff99bae0000 - 0x00007ff99bb10000 	C:\Windows\System32\IMM32.DLL
0x00007ff9922a0000 - 0x00007ff9922ac000 	C:\Program Files\Microsoft\jdk-17.0.11.9-hotspot\bin\vcruntime140_1.dll
0x00007ff92ae90000 - 0x00007ff92af1d000 	C:\Program Files\Microsoft\jdk-17.0.11.9-hotspot\bin\msvcp140.dll
0x00007ff909e60000 - 0x00007ff90aac6000 	C:\Program Files\Microsoft\jdk-17.0.11.9-hotspot\bin\server\jvm.dll
0x00007ff99caa0000 - 0x00007ff99cb4e000 	C:\Windows\System32\ADVAPI32.dll
0x00007ff99af70000 - 0x00007ff99b00c000 	C:\Windows\System32\sechost.dll
0x00007ff99bb30000 - 0x00007ff99bc56000 	C:\Windows\System32\RPCRT4.dll
0x00007ff99a020000 - 0x00007ff99a06b000 	C:\Windows\SYSTEM32\POWRPROF.dll
0x00007ff980b90000 - 0x00007ff980b99000 	C:\Windows\SYSTEM32\WSOCK32.dll
0x00007ff99ae70000 - 0x00007ff99aedb000 	C:\Windows\System32\WS2_32.dll
0x00007ff979e80000 - 0x00007ff979ea7000 	C:\Windows\SYSTEM32\WINMM.dll
0x00007ff991940000 - 0x00007ff99194a000 	C:\Windows\SYSTEM32\VERSION.dll
0x00007ff99a000000 - 0x00007ff99a012000 	C:\Windows\SYSTEM32\UMPDC.dll
0x00007ff998a60000 - 0x00007ff998a72000 	C:\Windows\SYSTEM32\kernel.appcore.dll
0x00007ff96c720000 - 0x00007ff96c72a000 	C:\Program Files\Microsoft\jdk-17.0.11.9-hotspot\bin\jimage.dll
0x00007ff9974e0000 - 0x00007ff9976c4000 	C:\Windows\SYSTEM32\DBGHELP.DLL
0x00007ff980710000 - 0x00007ff980744000 	C:\Windows\SYSTEM32\dbgcore.DLL
0x00007ff99aa60000 - 0x00007ff99aae2000 	C:\Windows\System32\bcryptPrimitives.dll
0x00007ff94d0b0000 - 0x00007ff94d0d5000 	C:\Program Files\Microsoft\jdk-17.0.11.9-hotspot\bin\java.dll
0x00007ff928e60000 - 0x00007ff928f37000 	C:\Program Files\Microsoft\jdk-17.0.11.9-hotspot\bin\jsvml.dll
0x00007ff99be40000 - 0x00007ff99c584000 	C:\Windows\System32\SHELL32.dll
0x00007ff9982b0000 - 0x00007ff998a4b000 	C:\Windows\SYSTEM32\windows.storage.dll
0x00007ff99b490000 - 0x00007ff99b7e4000 	C:\Windows\System32\combase.dll
0x00007ff999b00000 - 0x00007ff999b2d000 	C:\Windows\SYSTEM32\Wldp.dll
0x00007ff99b900000 - 0x00007ff99b9ad000 	C:\Windows\System32\SHCORE.dll
0x00007ff99ae10000 - 0x00007ff99ae65000 	C:\Windows\System32\shlwapi.dll
0x00007ff99a1a0000 - 0x00007ff99a1c5000 	C:\Windows\SYSTEM32\profapi.dll
0x00007ff94d090000 - 0x00007ff94d0a9000 	C:\Program Files\Microsoft\jdk-17.0.11.9-hotspot\bin\net.dll
0x00007ff98a270000 - 0x00007ff98a37a000 	C:\Windows\SYSTEM32\WINHTTP.dll
0x00007ff9998e0000 - 0x00007ff99994a000 	C:\Windows\system32\mswsock.dll
0x00007ff92bab0000 - 0x00007ff92bac6000 	C:\Program Files\Microsoft\jdk-17.0.11.9-hotspot\bin\nio.dll
0x00007ff92b8e0000 - 0x00007ff92b8f8000 	C:\Program Files\Microsoft\jdk-17.0.11.9-hotspot\bin\zip.dll
0x00007ff9875c0000 - 0x00007ff9875d0000 	C:\Program Files\Microsoft\jdk-17.0.11.9-hotspot\bin\verify.dll
0x00007ff980320000 - 0x00007ff980347000 	C:\Users\kk\.gradle\native\c067742578af261105cb4f569cf0c3c89f3d7b1fecec35dd04571415982c5e48\windows-amd64\native-platform.dll
0x00007ff9654f0000 - 0x00007ff9654f9000 	C:\Program Files\Microsoft\jdk-17.0.11.9-hotspot\bin\management.dll
0x00007ff9624f0000 - 0x00007ff9624fb000 	C:\Program Files\Microsoft\jdk-17.0.11.9-hotspot\bin\management_ext.dll
0x00007ff99bb10000 - 0x00007ff99bb18000 	C:\Windows\System32\PSAPI.DLL
0x00007ff999b40000 - 0x00007ff999b58000 	C:\Windows\SYSTEM32\CRYPTSP.dll
0x00007ff999210000 - 0x00007ff999244000 	C:\Windows\system32\rsaenh.dll
0x00007ff99a5c0000 - 0x00007ff99a5e7000 	C:\Windows\System32\bcrypt.dll
0x00007ff99a160000 - 0x00007ff99a18e000 	C:\Windows\SYSTEM32\USERENV.dll
0x00007ff999a70000 - 0x00007ff999a7c000 	C:\Windows\SYSTEM32\CRYPTBASE.dll
0x00007ff9995f0000 - 0x00007ff99962b000 	C:\Windows\SYSTEM32\IPHLPAPI.DLL
0x00007ff99be30000 - 0x00007ff99be38000 	C:\Windows\System32\NSI.dll
0x00007ff98db60000 - 0x00007ff98db77000 	C:\Windows\SYSTEM32\dhcpcsvc6.DLL
0x00007ff98db40000 - 0x00007ff98db5d000 	C:\Windows\SYSTEM32\dhcpcsvc.DLL
0x00007ff999630000 - 0x00007ff9996fa000 	C:\Windows\SYSTEM32\DNSAPI.dll
0x00007ff959100000 - 0x00007ff959109000 	C:\Program Files\Microsoft\jdk-17.0.11.9-hotspot\bin\extnet.dll
0x00007ff961d80000 - 0x00007ff961d8e000 	C:\Program Files\Microsoft\jdk-17.0.11.9-hotspot\bin\sunmscapi.dll
0x00007ff99a900000 - 0x00007ff99aa5d000 	C:\Windows\System32\CRYPT32.dll
0x00007ff999c50000 - 0x00007ff999c77000 	C:\Windows\SYSTEM32\ncrypt.dll
0x00007ff999c10000 - 0x00007ff999c4b000 	C:\Windows\SYSTEM32\NTASN1.dll
0x00007ff992520000 - 0x00007ff992527000 	C:\Windows\system32\wshunix.dll

dbghelp: loaded successfully - version: 4.0.5 - missing functions: none
symbol engine: initialized successfully - sym options: 0x614 - pdb path: .;C:\Program Files\Microsoft\jdk-17.0.11.9-hotspot\bin;C:\Windows\SYSTEM32;C:\Windows\WinSxS\amd64_microsoft.windows.common-controls_6595b64144ccf1df_6.0.19041.3570_none_60bb2a3971f3e41a;C:\Program Files\Microsoft\jdk-17.0.11.9-hotspot\bin\server;C:\Users\kk\.gradle\native\c067742578af261105cb4f569cf0c3c89f3d7b1fecec35dd04571415982c5e48\windows-amd64

VM Arguments:
jvm_args: -Xmx64m -Xms64m -Dorg.gradle.appname=gradlew 
java_command: org.gradle.wrapper.GradleWrapperMain app:installDebug -PreactNativeDevServerPort=8081
java_class_path (initial): D:\react\native\DotorsAppointApp\android\\gradle\wrapper\gradle-wrapper.jar
Launcher Type: SUN_STANDARD

[Global flags]
     intx CICompilerCount                          = 3                                         {product} {ergonomic}
     uint ConcGCThreads                            = 1                                         {product} {ergonomic}
     uint G1ConcRefinementThreads                  = 4                                         {product} {ergonomic}
   size_t G1HeapRegionSize                         = 1048576                                   {product} {ergonomic}
    uintx GCDrainStackTargetSize                   = 64                                        {product} {ergonomic}
   size_t InitialHeapSize                          = 67108864                                  {product} {command line}
   size_t MarkStackSize                            = 4194304                                   {product} {ergonomic}
   size_t MaxHeapSize                              = 67108864                                  {product} {command line}
   size_t MaxNewSize                               = 39845888                                  {product} {ergonomic}
   size_t MinHeapDeltaBytes                        = 1048576                                   {product} {ergonomic}
   size_t MinHeapSize                              = 67108864                                  {product} {command line}
    uintx NonNMethodCodeHeapSize                   = 5832780                                {pd product} {ergonomic}
    uintx NonProfiledCodeHeapSize                  = 122912730                              {pd product} {ergonomic}
    uintx ProfiledCodeHeapSize                     = 122912730                              {pd product} {ergonomic}
    uintx ReservedCodeCacheSize                    = 251658240                              {pd product} {ergonomic}
     bool SegmentedCodeCache                       = true                                      {product} {ergonomic}
   size_t SoftMaxHeapSize                          = 67108864                               {manageable} {ergonomic}
     bool UseCompressedClassPointers               = true                           {product lp64_product} {ergonomic}
     bool UseCompressedOops                        = true                           {product lp64_product} {ergonomic}
     bool UseG1GC                                  = true                                      {product} {ergonomic}
     bool UseLargePagesIndividualAllocation        = false                                  {pd product} {ergonomic}

Logging:
Log output configuration:
 #0: stdout all=warning uptime,level,tags
 #1: stderr all=off uptime,level,tags

Environment Variables:
JAVA_HOME=C:\Program Files\Microsoft\jdk-17.0.11.9-hotspot\
CLASSPATH=D:\react\native\DotorsAppointApp\android\\gradle\wrapper\gradle-wrapper.jar
PATH=D:\react\native\DotorsAppointApp\node_modules\.bin;D:\react\native\DotorsAppointApp\node_modules\.bin;D:\react\native\node_modules\.bin;D:\react\node_modules\.bin;D:\node_modules\.bin;C:\Users\kk\AppData\Roaming\npm\node_modules\npm\node_modules\@npmcli\run-script\lib\node-gyp-bin;D:\react\native\DotorsAppointApp\node_modules\.bin;D:\react\native\DotorsAppointApp\node_modules\.bin;D:\react\native\node_modules\.bin;D:\react\node_modules\.bin;D:\node_modules\.bin;C:\Users\kk\AppData\Roaming\npm\node_modules\npm\node_modules\@npmcli\run-script\lib\node-gyp-bin;C:\Program Files\ImageMagick-7.1.1-Q16-HDRI;;C:\Program Files (x86)\Common Files\Oracle\Java\java8path;C:\Program Files (x86)\Common Files\Oracle\Java\javapath;C:\Program Files\Microsoft\jdk-17.0.11.9-hotspot\bin;C:\Python312\Scripts\;C:\Python312\;C:\Windows\system32;C:\Windows;C:\Windows\System32\Wbem;C:\Windows\System32\WindowsPowerShell\v1.0\;C:\Windows\System32\OpenSSH\;C:\xampp\php;C:\composer;C:\Program Files\Git\cmd;C:\ProgramData\chocolatey\bin;C:\Program Files\Microsoft SQL Server\130\Tools\Binn\;C:\Program Files\dotnet\;C:\Program Files\Microsoft SQL Server\Client SDK\ODBC\110\Tools\Binn\;C:\Program Files (x86)\Microsoft SQL Server\120\Tools\Binn\;C:\Program Files\Microsoft SQL Server\120\Tools\Binn\;C:\Program Files\Microsoft SQL Server\120\DTS\Binn\;C:\Program Files (x86)\Microsoft SQL Server\120\Tools\Binn\ManagementStudio\;C:\Program Files (x86)\Microsoft SQL Server\120\DTS\Binn\;C:\Program Files\java\jdk1.8.0_202\bin;C:\Program Files (x86)\Microsoft SQL Server\90\Tools\binn\;C:\Program Files\Docker\Docker\resources\bin;C:\Program Files\nodejs\;C:\Users\kk\AppData\Local\Android\Sdk\platform-tools;C:\Users\kk\AppData\Local\Microsoft\WindowsApps;C:\Users\kk\AppData\Local\Programs\Microsoft VS Code\bin;C:\Users\kk\AppData\Roaming\Composer\vendor\bin;C:\Program Files\JetBrains\IntelliJ IDEA Community Edition 2023.3.2\bin;;C:\Program Files (x86)\Brackets\;C:\Users\kk\AppData\Roaming\npm;C:\Users\kk\fl
USERNAME=kk
SHELL=C:\Program Files\Git\usr\bin\bash.exe
DISPLAY=needs-to-be-defined
LANG=en_US.UTF-8
LC_CTYPE=en_US.UTF-8
TERM=xterm
TMPDIR=C:\Users\kk\AppData\Local\Temp
OS=Windows_NT
PROCESSOR_IDENTIFIER=Intel64 Family 6 Model 78 Stepping 3, GenuineIntel
TMP=C:\Users\kk\AppData\Local\Temp
TEMP=C:\Users\kk\AppData\Local\Temp



Periodic native trim disabled


---------------  S Y S T E M  ---------------

OS:
 Windows 10 , 64 bit Build 19041 (10.0.19041.3570)
OS uptime: 1 days 23:52 hours
Hyper-V role detected

CPU: total 4 (initial active 4) (2 cores per cpu, 2 threads per core) family 6 model 78 stepping 3 microcode 0xdc, cx8, cmov, fxsr, ht, mmx, 3dnowpref, sse, sse2, sse3, ssse3, sse4.1, sse4.2, popcnt, lzcnt, tsc, tscinvbit, avx, avx2, aes, erms, clmul, bmi1, bmi2, rtm, adx, fma, vzeroupper, clflush, clflushopt, hv
Processor Information for all 4 processors :
  Max Mhz: 2501, Current Mhz: 2501, Mhz Limit: 2501

Memory: 4k page, system-wide physical 16275M (339M free)
TotalPageFile size 29275M (AvailPageFile size 0M)
current process WorkingSet (physical memory assigned to process): 85M, peak: 97M
current process commit charge ("private bytes"): 156M, peak: 167M

vm_info: OpenJDK 64-Bit Server VM (17.0.11+9-LTS) for windows-amd64 JRE (17.0.11+9-LTS), built on Apr  9 2024 22:05:54 by "MicrosoftCorporation" with MS VC++ 16.10 / 16.11 (VS2019)

END.
